2013-04-15 10:38:03,471 - controllerApp - INFO - Options passed from command line: {'xml': '../resources/configuration-prod/configuration-basic.xml', 'cfg': '../resources/configuration-prod/configuration.cfg'}
2013-04-15 10:43:03,720 - controllerApp - INFO - Options passed from command line: {'xml': '../resources/configuration-prod/configuration-basic.xml', 'cfg': '../resources/configuration-prod/configuration.cfg'}
2013-04-15 10:43:03,720 - controllerApp - INFO - Initializing ...
2013-04-15 10:44:21,989 - controllerApp - INFO - Options passed from command line: {'xml': '../resources/configuration-prod/configuration-basic.xml', 'cfg': '../resources/configuration-prod/configuration.cfg'}
2013-04-15 10:44:21,989 - controllerApp - INFO - Initializing ...
2013-04-15 10:45:03,894 - controllerApp - run - INFO - Options passed from command line: {'xml': '../resources/configuration-prod/configuration-basic.xml', 'cfg': '../resources/configuration-prod/configuration.cfg'}
2013-04-15 10:45:03,894 - controllerApp - app - INFO - Initializing ...
2013-04-15 10:47:13,584 - controllerApp - run - <module> - INFO - Options passed from command line: {'xml': '../resources/configuration-prod/configuration-basic.xml', 'cfg': '../resources/configuration-prod/configuration.cfg'}
2013-04-15 10:47:13,585 - controllerApp - app - initialize - INFO - Initializing ...
2013-04-15 10:49:23,227 - controllerApp - run - 15 - <module> - INFO - Options passed from command line: {'xml': '../resources/configuration-prod/configuration-basic.xml', 'cfg': '../resources/configuration-prod/configuration.cfg'}
2013-04-15 10:49:23,227 - controllerApp - app - 36 - initialize - INFO - Initializing ...
2013-04-15 10:50:09,493 - INFO - controllerApp - run - 15 - <module> - Options passed from command line: {'xml': '../resources/configuration-prod/configuration-basic.xml', 'cfg': '../resources/configuration-prod/configuration.cfg'}
2013-04-15 10:50:09,493 - INFO - controllerApp - app - 36 - initialize - Initializing ...
2013-04-15 10:52:01,184 - INFO - controllerApp - run - 15 - <module> - Options passed from command line: {'xml': '../resources/configuration-prod/configuration-basic.xml', 'cfg': '../resources/configuration-prod/configuration.cfg'}
2013-04-15 10:52:01,184 - INFO - controllerApp - app - 36 - initialize - Initializing ...
2013-04-15 10:52:01,184 - INFO - controllerApp - configuration - 88 - readConfiguration - readConfiguration: Reading configuration from ../resources/configuration-prod/configuration-basic.xml
2013-04-15 10:53:10,407 - INFO - controllerApp - run - 15 - <module> - Options passed from command line: {'xml': '../resources/configuration-prod/configuration-basic.xml', 'cfg': '../resources/configuration-prod/configuration.cfg'}
2013-04-15 10:53:10,408 - INFO - controllerApp - app - 38 - initialize - Initializing ...
2013-04-15 10:53:10,408 - INFO - controllerApp - configuration - 88 - readConfiguration - readConfiguration: Reading configuration from ../resources/configuration-prod/configuration-basic.xml
2013-04-15 10:53:39,960 - INFO - controllerApp - run - <module> - 15 - Options passed from command line: {'xml': '../resources/configuration-prod/configuration-basic.xml', 'cfg': '../resources/configuration-prod/configuration.cfg'}
2013-04-15 10:53:39,960 - INFO - controllerApp - app - initialize - 38 - Initializing ...
2013-04-15 10:53:39,960 - INFO - controllerApp - configuration - readConfiguration - 88 - readConfiguration: Reading configuration from ../resources/configuration-prod/configuration-basic.xml
2013-04-15 10:55:42,543 - INFO - controllerApp - run - <module> - 15 - Options passed from command line: {'xml': '../resources/configuration-prod/configuration-basic.xml', 'cfg': '../resources/configuration-prod/configuration.cfg'}
2013-04-15 10:55:42,543 - INFO - controllerApp - app - initialize - 38 - Initializing ...
2013-04-15 10:55:42,543 - INFO - controllerApp - configuration - readConfiguration - 88 - ConfigurationReader Reading configuration from ../resources/configuration-prod/configuration-basic.xml
2013-04-15 10:55:48,736 - INFO - controllerApp - run - <module> - 15 - Options passed from command line: {'xml': '../resources/configuration-prod/configuration-basic.xml', 'cfg': '../resources/configuration-prod/configuration.cfg'}
2013-04-15 10:55:48,736 - INFO - controllerApp - app - initialize - 38 - Initializing ...
2013-04-15 10:55:48,736 - INFO - controllerApp - configuration - readConfiguration - 88 - ConfigurationReader: Reading configuration from ../resources/configuration-prod/configuration-basic.xml
2013-04-15 10:56:16,674 - INFO - controllerApp - run.Options passed from command line: {'xml': '../resources/configuration-prod/configuration-basic.xml', 'cfg': '../resources/configuration-prod/configuration.cfg'} - <module> - 15
2013-04-15 10:56:16,676 - INFO - controllerApp - app.Initializing ... - initialize - 38
2013-04-15 10:56:16,676 - INFO - controllerApp - configuration.ConfigurationReader: Reading configuration from ../resources/configuration-prod/configuration-basic.xml - readConfiguration - 88
2013-04-15 10:56:36,180 - INFO - controllerApp - run.<module>: Options passed from command line: {'xml': '../resources/configuration-prod/configuration-basic.xml', 'cfg': '../resources/configuration-prod/configuration.cfg'} - 15
2013-04-15 10:56:36,180 - INFO - controllerApp - app.initialize: Initializing ... - 38
2013-04-15 10:56:36,180 - INFO - controllerApp - configuration.readConfiguration: ConfigurationReader: Reading configuration from ../resources/configuration-prod/configuration-basic.xml - 88
2013-04-15 10:56:50,500 - INFO - controllerApp - run.<module>.Options passed from command line: {'xml': '../resources/configuration-prod/configuration-basic.xml', 'cfg': '../resources/configuration-prod/configuration.cfg'} - 15
2013-04-15 10:56:50,500 - INFO - controllerApp - app.initialize.Initializing ... - 38
2013-04-15 10:56:50,500 - INFO - controllerApp - configuration.readConfiguration.ConfigurationReader: Reading configuration from ../resources/configuration-prod/configuration-basic.xml - 88
2013-04-15 10:57:17,565 - INFO - controllerApp - run.Options passed from command line: {'xml': '../resources/configuration-prod/configuration-basic.xml', 'cfg': '../resources/configuration-prod/configuration.cfg'} - [<module>:15]
2013-04-15 10:57:17,565 - INFO - controllerApp - app.Initializing ... - [initialize:38]
2013-04-15 10:57:17,565 - INFO - controllerApp - configuration.ConfigurationReader: Reading configuration from ../resources/configuration-prod/configuration-basic.xml - [readConfiguration:88]
2013-04-15 10:58:32,246 - INFO - run: Options passed from command line: {'xml': '../resources/configuration-prod/configuration-basic.xml', 'cfg': '../resources/configuration-prod/configuration.cfg'} - [<module>:15]
2013-04-15 10:58:32,246 - INFO - app: Initializing ... - [initialize:38]
2013-04-15 10:58:32,246 - INFO - configuration: Reading configuration from ../resources/configuration-prod/configuration-basic.xml - [readConfiguration:88]
2013-04-15 11:00:17,460 - INFO - run: Options passed from command line: {'xml': '../resources/configuration-prod/configuration-basic.xml', 'cfg': '../resources/configuration-prod/configuration.cfg'} - [<module>:15]
2013-04-15 11:00:17,460 - INFO - app: Initializing ... - [initialize:38]
2013-04-15 11:00:17,460 - INFO - configuration: Reading configuration from ../resources/configuration-prod/configuration-basic.xml - [readConfiguration:88]
2013-04-15 11:00:38,431 - INFO - run: Options passed from command line: {'xml': '../resources/configuration-prod/configuration-basic.xml', 'cfg': '../resources/configuration-prod/configuration.cfg'} - [<module>:15]
2013-04-15 11:00:38,431 - INFO - app: Initializing ... - [initialize:38]
2013-04-15 11:00:38,431 - INFO - configuration: Reading configuration from ../resources/configuration-prod/configuration-basic.xml - [readConfiguration:88]
2013-04-15 11:00:50,861 - INFO - run: Options passed from command line: {'xml': '../resources/configuration-prod/configuration-basic.xml', 'cfg': '../resources/configuration-prod/configuration.cfg'} - [<module>:15]
2013-04-15 11:00:50,861 - INFO - app: Initializing ... - [initialize:38]
2013-04-15 11:00:50,861 - INFO - configuration: Reading configuration from ../resources/configuration-prod/configuration-basic.xml - [readConfiguration:88]
2013-04-15 11:02:25,298 - INFO - run: Options passed from command line: {'xml': '../resources/configuration-prod/configuration-basic.xml', 'cfg': '../resources/configuration-prod/configuration.cfg'} - [<module>:15]
2013-04-15 11:02:25,298 - INFO - app: Initializing ... - [initialize:38]
2013-04-15 11:02:25,298 - INFO - configuration: Reading configuration from ../resources/configuration-prod/configuration-basic.xml - [readConfiguration:88]
2013-04-15 11:02:25,302 - DEBUG - processor: Processing button: MINUS_ID - [__init__:21]
2013-04-15 11:03:55,253 - INFO - run: Options passed from command line: {'xml': '../resources/configuration-prod/configuration-basic.xml', 'cfg': '../resources/configuration-prod/configuration.cfg'} - [<module>:15]
2013-04-15 11:03:55,253 - INFO - app: Initializing ... - [initialize:38]
2013-04-15 11:03:55,255 - INFO - configuration: Reading configuration from ../resources/configuration-prod/configuration-basic.xml - [readConfiguration:88]
2013-04-15 11:04:14,003 - INFO - run: Options passed from command line: {'xml': '../resources/configuration-prod/configuration-basic.xml', 'cfg': '../resources/configuration-prod/configuration.cfg'} - [<module>:15]
2013-04-15 11:04:14,003 - INFO - app: Initializing ... - [initialize:38]
2013-04-15 11:04:14,003 - INFO - configuration: Reading configuration from ../resources/configuration-prod/configuration-basic.xml - [readConfiguration:88]
2013-04-15 11:04:56,257 - INFO - run: Options passed from command line: {'xml': '../resources/configuration-prod/configuration-basic.xml', 'cfg': '../resources/configuration-prod/configuration.cfg'} - [<module>:15]
2013-04-15 11:04:56,257 - INFO - app: Initializing ... - [initialize:38]
2013-04-15 11:04:56,257 - INFO - configuration: Reading configuration from ../resources/configuration-prod/configuration-basic.xml - [readConfiguration:88]
2013-04-15 11:04:56,260 - DEBUG - configuration: Found new button with id: PLUS_ID - [readConfiguration:102]
2013-04-15 11:05:16,782 - INFO - run: Options passed from command line: {'xml': '../resources/configuration-prod/configuration-basic.xml', 'cfg': '../resources/configuration-prod/configuration.cfg'} - [<module>:15]
2013-04-15 11:05:16,782 - INFO - app: Initializing ... - [initialize:38]
2013-04-15 11:05:16,782 - INFO - configuration: Reading configuration from ../resources/configuration-prod/configuration-basic.xml - [readConfiguration:88]
2013-04-15 11:05:16,785 - DEBUG - configuration: Found new button with id: PLUS_ID - [readConfiguration:102]
2013-04-15 11:07:31,756 - INFO - run: Options passed from command line: {'xml': '../resources/configuration-prod/configuration-basic.xml', 'cfg': '../resources/configuration-prod/configuration.cfg'} - [<module>:15]
2013-04-15 11:07:31,756 - INFO - app: Initializing ... - [initialize:38]
2013-04-15 11:07:31,756 - INFO - configuration: Reading configuration from ../resources/configuration-prod/configuration-basic.xml - [readConfiguration:89]
2013-04-15 11:07:31,759 - DEBUG - configuration: Found new button with id: PLUS_ID - [readConfiguration:103]
2013-04-15 11:07:47,721 - INFO - run: Options passed from command line: {'xml': '../resources/configuration-prod/configuration-basic.xml', 'cfg': '../resources/configuration-prod/configuration.cfg'} - [<module>:15]
2013-04-15 11:07:47,721 - INFO - app: Initializing ... - [initialize:38]
2013-04-15 11:07:47,721 - INFO - configuration: Reading configuration from ../resources/configuration-prod/configuration-basic.xml - [readConfiguration:89]
2013-04-15 11:07:47,724 - DEBUG - configuration: Found new button with id: PLUS_ID - [readConfiguration:103]
2013-04-15 11:07:58,362 - INFO - run: Options passed from command line: {'xml': '../resources/configuration-prod/configuration-basic.xml', 'cfg': '../resources/configuration-prod/configuration.cfg'} - [<module>:15]
2013-04-15 11:07:58,364 - INFO - app: Initializing ... - [initialize:38]
2013-04-15 11:07:58,364 - INFO - configuration: Reading configuration from ../resources/configuration-prod/configuration-basic.xml - [readConfiguration:89]
2013-04-15 11:07:58,365 - DEBUG - configuration: Found new button with id: PLUS_ID - [readConfiguration:103]
2013-04-15 11:08:12,461 - INFO - run: Options passed from command line: {'xml': '../resources/configuration-prod/configuration-basic.xml', 'cfg': '../resources/configuration-prod/configuration.cfg'} - [<module>:15]
2013-04-15 11:08:12,463 - INFO - app: Initializing ... - [initialize:38]
2013-04-15 11:08:12,463 - INFO - configuration: Reading configuration from ../resources/configuration-prod/configuration-basic.xml - [readConfiguration:89]
2013-04-15 11:08:12,464 - DEBUG - configuration: Found new button with id: PLUS_ID - [readConfiguration:103]
2013-04-15 11:08:29,913 - INFO - run: Options passed from command line: {'xml': '../resources/configuration-prod/configuration-basic.xml', 'cfg': '../resources/configuration-prod/configuration.cfg'} - [<module>:15]
2013-04-15 11:08:29,913 - INFO - app: Initializing ... - [initialize:38]
2013-04-15 11:08:29,913 - INFO - configuration: Reading configuration from ../resources/configuration-prod/configuration-basic.xml - [readConfiguration:89]
2013-04-15 11:08:29,915 - DEBUG - configuration: Found new button with id: PLUS_ID - [readConfiguration:103]
2013-04-15 11:08:35,622 - INFO - run: Options passed from command line: {'xml': '../resources/configuration-prod/configuration-basic.xml', 'cfg': '../resources/configuration-prod/configuration.cfg'} - [<module>:15]
2013-04-15 11:08:35,622 - INFO - app: Initializing ... - [initialize:38]
2013-04-15 11:08:35,624 - INFO - configuration: Reading configuration from ../resources/configuration-prod/configuration-basic.xml - [readConfiguration:89]
2013-04-15 11:08:35,625 - DEBUG - configuration: Found new button with id: PLUS_ID - [readConfiguration:103]
2013-04-15 11:08:56,673 - INFO - run: Options passed from command line: {'xml': '../resources/configuration-prod/configuration-basic.xml', 'cfg': '../resources/configuration-prod/configuration.cfg'} - [<module>:15]
2013-04-15 11:08:56,673 - INFO - app: Initializing ... - [initialize:38]
2013-04-15 11:08:56,673 - INFO - configuration: Reading configuration from ../resources/configuration-prod/configuration-basic.xml - [readConfiguration:89]
2013-04-15 11:08:56,674 - DEBUG - configuration: Found new button with id: PLUS_ID - [readConfiguration:103]
2013-04-15 11:09:04,055 - INFO - run: Options passed from command line: {'xml': '../resources/configuration-prod/configuration-basic.xml', 'cfg': '../resources/configuration-prod/configuration.cfg'} - [<module>:15]
2013-04-15 11:09:04,055 - INFO - app: Initializing ... - [initialize:38]
2013-04-15 11:09:04,055 - INFO - configuration: Reading configuration from ../resources/configuration-prod/configuration-basic.xml - [readConfiguration:89]
2013-04-15 11:09:04,058 - DEBUG - configuration: Found new button with id: PLUS_ID - [readConfiguration:103]
2013-04-15 11:09:11,341 - INFO - run: Options passed from command line: {'xml': '../resources/configuration-prod/configuration-basic.xml', 'cfg': '../resources/configuration-prod/configuration.cfg'} - [<module>:15]
2013-04-15 11:09:11,341 - INFO - app: Initializing ... - [initialize:38]
2013-04-15 11:09:11,341 - INFO - configuration: Reading configuration from ../resources/configuration-prod/configuration-basic.xml - [readConfiguration:89]
2013-04-15 11:09:11,342 - DEBUG - configuration: Found new button with id: PLUS_ID - [readConfiguration:103]
2013-04-15 11:09:38,384 - INFO - run: Options passed from command line: {'xml': '../resources/configuration-prod/configuration-basic.xml', 'cfg': '../resources/configuration-prod/configuration.cfg'} - [<module>:15]
2013-04-15 11:09:38,384 - INFO - app: Initializing ... - [initialize:38]
2013-04-15 11:09:38,384 - INFO - configuration: Reading configuration from ../resources/configuration-prod/configuration-basic.xml - [readConfiguration:90]
2013-04-15 11:09:38,388 - DEBUG - configuration: Found new button with id: PLUS_ID - [readConfiguration:104]
2013-04-15 11:09:38,388 - DEBUG - configuration: Found new button: Button. - [readConfiguration:106]
2013-04-15 11:09:38,390 - DEBUG - configuration: Adding new button: Button. - [readConfiguration:143]
2013-04-15 11:09:38,390 - DEBUG - configuration: Found new button with id: MINUS_ID - [readConfiguration:104]
2013-04-15 11:09:38,391 - DEBUG - configuration: Found new button: Button. - [readConfiguration:106]
2013-04-15 11:09:38,391 - DEBUG - configuration: Adding new button: Button. - [readConfiguration:143]
2013-04-15 11:09:38,391 - DEBUG - processor: Processing button: MINUS_ID - [__init__:21]
2013-04-15 11:10:04,499 - INFO - run: Options passed from command line: {'xml': '../resources/configuration-prod/configuration-basic.xml', 'cfg': '../resources/configuration-prod/configuration.cfg'} - [<module>:15]
2013-04-15 11:10:04,499 - INFO - app: Initializing ... - [initialize:38]
2013-04-15 11:10:04,499 - INFO - configuration: Reading configuration from ../resources/configuration-prod/configuration-basic.xml - [readConfiguration:90]
2013-04-15 11:10:04,502 - DEBUG - configuration: Found new button with id: PLUS_ID - [readConfiguration:104]
2013-04-15 11:10:14,667 - INFO - run: Options passed from command line: {'xml': '../resources/configuration-prod/configuration-basic.xml', 'cfg': '../resources/configuration-prod/configuration.cfg'} - [<module>:15]
2013-04-15 11:10:14,667 - INFO - app: Initializing ... - [initialize:38]
2013-04-15 11:10:14,667 - INFO - configuration: Reading configuration from ../resources/configuration-prod/configuration-basic.xml - [readConfiguration:90]
2013-04-15 11:10:14,694 - DEBUG - configuration: Found new button with id: PLUS_ID - [readConfiguration:104]
2013-04-15 11:10:14,694 - DEBUG - configuration: Found new button: Button: my id - [readConfiguration:106]
2013-04-15 11:10:14,697 - DEBUG - configuration: Adding new button: Button: my id - [readConfiguration:143]
2013-04-15 11:10:14,697 - DEBUG - configuration: Found new button with id: MINUS_ID - [readConfiguration:104]
2013-04-15 11:10:14,697 - DEBUG - configuration: Found new button: Button: my id - [readConfiguration:106]
2013-04-15 11:10:14,697 - DEBUG - configuration: Adding new button: Button: my id - [readConfiguration:143]
2013-04-15 11:10:14,697 - DEBUG - processor: Processing button: MINUS_ID - [__init__:21]
2013-04-15 11:10:29,249 - INFO - run: Options passed from command line: {'xml': '../resources/configuration-prod/configuration-basic.xml', 'cfg': '../resources/configuration-prod/configuration.cfg'} - [<module>:15]
2013-04-15 11:10:29,249 - INFO - app: Initializing ... - [initialize:38]
2013-04-15 11:10:29,249 - INFO - configuration: Reading configuration from ../resources/configuration-prod/configuration-basic.xml - [readConfiguration:90]
2013-04-15 11:10:29,252 - DEBUG - configuration: Found new button with id: PLUS_ID - [readConfiguration:104]
2013-04-15 11:10:29,252 - DEBUG - configuration: Found new button: Button: PLUS_ID - [readConfiguration:106]
2013-04-15 11:10:29,253 - DEBUG - configuration: Adding new button: Button: PLUS_ID - [readConfiguration:143]
2013-04-15 11:10:29,253 - DEBUG - configuration: Found new button with id: MINUS_ID - [readConfiguration:104]
2013-04-15 11:10:29,253 - DEBUG - configuration: Found new button: Button: MINUS_ID - [readConfiguration:106]
2013-04-15 11:10:29,253 - DEBUG - configuration: Adding new button: Button: MINUS_ID - [readConfiguration:143]
2013-04-15 11:10:29,253 - DEBUG - processor: Processing button: MINUS_ID - [__init__:21]
2013-04-15 11:10:42,750 - INFO - run: Options passed from command line: {'xml': '../resources/configuration-prod/configuration-basic.xml', 'cfg': '../resources/configuration-prod/configuration.cfg'} - [<module>:15]
2013-04-15 11:10:42,750 - INFO - app: Initializing ... - [initialize:38]
2013-04-15 11:10:42,750 - INFO - configuration: Reading configuration from ../resources/configuration-prod/configuration-basic.xml - [readConfiguration:90]
2013-04-15 11:10:42,753 - DEBUG - configuration: Found new button with id: PLUS_ID - [readConfiguration:104]
2013-04-15 11:10:42,753 - DEBUG - configuration: Found new button: Button: id = PLUS_ID - [readConfiguration:106]
2013-04-15 11:10:42,756 - DEBUG - configuration: Adding new button: Button: id = PLUS_ID - [readConfiguration:143]
2013-04-15 11:10:42,756 - DEBUG - configuration: Found new button with id: MINUS_ID - [readConfiguration:104]
2013-04-15 11:10:42,756 - DEBUG - configuration: Found new button: Button: id = MINUS_ID - [readConfiguration:106]
2013-04-15 11:10:42,756 - DEBUG - configuration: Adding new button: Button: id = MINUS_ID - [readConfiguration:143]
2013-04-15 11:10:42,756 - DEBUG - processor: Processing button: MINUS_ID - [__init__:21]
2013-04-15 11:11:05,342 - INFO - run: Options passed from command line: {'xml': '../resources/configuration-prod/configuration-basic.xml', 'cfg': '../resources/configuration-prod/configuration.cfg'} - [<module>:15]
2013-04-15 11:11:05,342 - INFO - app: Initializing ... - [initialize:38]
2013-04-15 11:11:05,342 - INFO - configuration: Reading configuration from ../resources/configuration-prod/configuration-basic.xml - [readConfiguration:90]
2013-04-15 11:11:05,345 - DEBUG - configuration: Found new button with id: PLUS_ID - [readConfiguration:104]
2013-04-15 11:11:05,345 - DEBUG - configuration: Found new button: Button: id = PLUS_ID - [readConfiguration:106]
2013-04-15 11:11:05,346 - DEBUG - configuration: Adding new button: Button: id = PLUS_ID - [readConfiguration:143]
2013-04-15 11:11:05,348 - DEBUG - configuration: Found new button with id: MINUS_ID - [readConfiguration:104]
2013-04-15 11:11:05,348 - DEBUG - configuration: Found new button: Button: id = MINUS_ID - [readConfiguration:106]
2013-04-15 11:11:05,348 - DEBUG - configuration: Adding new button: Button: id = MINUS_ID - [readConfiguration:143]
2013-04-15 11:11:05,348 - DEBUG - processor: Processing button: MINUS_ID - [__init__:21]
2013-04-15 11:11:24,680 - INFO - run: Options passed from command line: {'xml': '../resources/configuration-prod/configuration-basic.xml', 'cfg': '../resources/configuration-prod/configuration.cfg'} - [<module>:15]
2013-04-15 11:11:24,680 - INFO - app: Initializing ... - [initialize:38]
2013-04-15 11:11:24,680 - INFO - configuration: Reading configuration from ../resources/configuration-prod/configuration-basic.xml - [readConfiguration:90]
2013-04-15 11:11:24,683 - DEBUG - configuration: Found new button with id: PLUS_ID - [readConfiguration:104]
2013-04-15 11:11:33,762 - INFO - run: Options passed from command line: {'xml': '../resources/configuration-prod/configuration-basic.xml', 'cfg': '../resources/configuration-prod/configuration.cfg'} - [<module>:15]
2013-04-15 11:11:33,762 - INFO - app: Initializing ... - [initialize:38]
2013-04-15 11:11:33,763 - INFO - configuration: Reading configuration from ../resources/configuration-prod/configuration-basic.xml - [readConfiguration:90]
2013-04-15 11:11:33,765 - DEBUG - configuration: Found new button with id: PLUS_ID - [readConfiguration:104]
2013-04-15 11:11:40,433 - INFO - run: Options passed from command line: {'xml': '../resources/configuration-prod/configuration-basic.xml', 'cfg': '../resources/configuration-prod/configuration.cfg'} - [<module>:15]
2013-04-15 11:11:40,433 - INFO - app: Initializing ... - [initialize:38]
2013-04-15 11:11:40,433 - INFO - configuration: Reading configuration from ../resources/configuration-prod/configuration-basic.xml - [readConfiguration:90]
2013-04-15 11:11:40,436 - DEBUG - configuration: Found new button with id: PLUS_ID - [readConfiguration:104]
2013-04-15 11:11:40,436 - DEBUG - configuration: Found new button: Button: id = PLUS_ID - [readConfiguration:106]
2013-04-15 11:11:40,437 - DEBUG - configuration: Adding new button: Button: id = PLUS_ID - [readConfiguration:143]
2013-04-15 11:11:40,437 - DEBUG - configuration: Found new button with id: MINUS_ID - [readConfiguration:104]
2013-04-15 11:11:40,437 - DEBUG - configuration: Found new button: Button: id = MINUS_ID - [readConfiguration:106]
2013-04-15 11:11:40,437 - DEBUG - configuration: Adding new button: Button: id = MINUS_ID - [readConfiguration:143]
2013-04-15 11:11:40,437 - DEBUG - processor: Processing button: MINUS_ID - [__init__:21]
2013-04-15 11:11:48,141 - INFO - run: Options passed from command line: {'xml': '../resources/configuration-prod/configuration-basic.xml', 'cfg': '../resources/configuration-prod/configuration.cfg'} - [<module>:15]
2013-04-15 11:11:48,141 - INFO - app: Initializing ... - [initialize:38]
2013-04-15 11:11:48,141 - INFO - configuration: Reading configuration from ../resources/configuration-prod/configuration-basic.xml - [readConfiguration:90]
2013-04-15 11:11:48,144 - DEBUG - configuration: Found new button with id: PLUS_ID - [readConfiguration:104]
2013-04-15 11:11:48,144 - DEBUG - configuration: Found new button: Button: id = None - [readConfiguration:106]
2013-04-15 11:11:48,147 - DEBUG - configuration: Adding new button: Button: id = Action: id = VOLUME_UP, task = <bound method ShellController.executeCommand of <main.controller.shell.shell_controller.ShellController instance at 0x019E9648>> - [readConfiguration:143]
2013-04-15 11:11:48,147 - DEBUG - configuration: Found new button with id: MINUS_ID - [readConfiguration:104]
2013-04-15 11:11:48,147 - DEBUG - configuration: Found new button: Button: id = None - [readConfiguration:106]
2013-04-15 11:11:48,147 - DEBUG - configuration: Adding new button: Button: id = Action: id = VOLUME_DOWN, task = <bound method ShellController.executeCommand of <main.controller.shell.shell_controller.ShellController instance at 0x019E9648>> - [readConfiguration:143]
2013-04-15 11:11:48,147 - DEBUG - processor: Processing button: MINUS_ID - [__init__:21]
2013-04-15 11:12:12,355 - INFO - run: Options passed from command line: {'xml': '../resources/configuration-prod/configuration-basic.xml', 'cfg': '../resources/configuration-prod/configuration.cfg'} - [<module>:15]
2013-04-15 11:12:12,355 - INFO - app: Initializing ... - [initialize:38]
2013-04-15 11:12:12,357 - INFO - configuration: Reading configuration from ../resources/configuration-prod/configuration-basic.xml - [readConfiguration:90]
2013-04-15 11:12:12,358 - DEBUG - configuration: Found new button with id: PLUS_ID - [readConfiguration:104]
2013-04-15 11:12:12,358 - DEBUG - configuration: Found new button: Button: id = None click = None - [readConfiguration:106]
2013-04-15 11:12:12,361 - DEBUG - configuration: Adding new button: Button: id = Action: id = VOLUME_UP, task = <bound method ShellController.executeCommand of <main.controller.shell.shell_controller.ShellController instance at 0x01A79620>> click = Action: id = VOLUME_UP, task = <bound method ShellController.executeCommand of <main.controller.shell.shell_controller.ShellController instance at 0x01A79620>> - [readConfiguration:143]
2013-04-15 11:12:12,361 - DEBUG - configuration: Found new button with id: MINUS_ID - [readConfiguration:104]
2013-04-15 11:12:12,361 - DEBUG - configuration: Found new button: Button: id = None click = None - [readConfiguration:106]
2013-04-15 11:12:12,361 - DEBUG - configuration: Adding new button: Button: id = Action: id = VOLUME_DOWN, task = <bound method ShellController.executeCommand of <main.controller.shell.shell_controller.ShellController instance at 0x01A79620>> click = Action: id = VOLUME_DOWN, task = <bound method ShellController.executeCommand of <main.controller.shell.shell_controller.ShellController instance at 0x01A79620>> - [readConfiguration:143]
2013-04-15 11:12:12,361 - DEBUG - processor: Processing button: MINUS_ID - [__init__:21]
2013-04-15 11:12:20,275 - INFO - run: Options passed from command line: {'xml': '../resources/configuration-prod/configuration-basic.xml', 'cfg': '../resources/configuration-prod/configuration.cfg'} - [<module>:15]
2013-04-15 11:12:20,275 - INFO - app: Initializing ... - [initialize:38]
2013-04-15 11:12:20,275 - INFO - configuration: Reading configuration from ../resources/configuration-prod/configuration-basic.xml - [readConfiguration:90]
2013-04-15 11:12:20,278 - DEBUG - configuration: Found new button with id: PLUS_ID - [readConfiguration:104]
2013-04-15 11:12:20,278 - DEBUG - configuration: Found new button: Button: id = PLUS_ID click = None - [readConfiguration:106]
2013-04-15 11:12:20,279 - DEBUG - configuration: Adding new button: Button: id = PLUS_ID click = Action: id = VOLUME_UP, task = <bound method ShellController.executeCommand of <main.controller.shell.shell_controller.ShellController instance at 0x01A49648>> - [readConfiguration:143]
2013-04-15 11:12:20,279 - DEBUG - configuration: Found new button with id: MINUS_ID - [readConfiguration:104]
2013-04-15 11:12:20,279 - DEBUG - configuration: Found new button: Button: id = MINUS_ID click = None - [readConfiguration:106]
2013-04-15 11:12:20,279 - DEBUG - configuration: Adding new button: Button: id = MINUS_ID click = Action: id = VOLUME_DOWN, task = <bound method ShellController.executeCommand of <main.controller.shell.shell_controller.ShellController instance at 0x01A49648>> - [readConfiguration:143]
2013-04-15 11:12:20,279 - DEBUG - processor: Processing button: MINUS_ID - [__init__:21]
2013-04-15 11:12:43,108 - INFO - run: Options passed from command line: {'xml': '../resources/configuration-prod/configuration-basic.xml', 'cfg': '../resources/configuration-prod/configuration.cfg'} - [<module>:15]
2013-04-15 11:12:43,108 - INFO - app: Initializing ... - [initialize:38]
2013-04-15 11:12:43,108 - INFO - configuration: Reading configuration from ../resources/configuration-prod/configuration-basic.xml - [readConfiguration:90]
2013-04-15 11:12:43,111 - DEBUG - configuration: Found new button with id: PLUS_ID - [readConfiguration:104]
2013-04-15 11:12:56,743 - INFO - run: Options passed from command line: {'xml': '../resources/configuration-prod/configuration-basic.xml', 'cfg': '../resources/configuration-prod/configuration.cfg'} - [<module>:15]
2013-04-15 11:12:56,743 - INFO - app: Initializing ... - [initialize:38]
2013-04-15 11:12:56,743 - INFO - configuration: Reading configuration from ../resources/configuration-prod/configuration-basic.xml - [readConfiguration:90]
2013-04-15 11:12:56,746 - DEBUG - configuration: Found new button with id: PLUS_ID - [readConfiguration:104]
2013-04-15 11:12:56,746 - DEBUG - configuration: Found new button: Button: id = PLUS_ID click = None double click = None - [readConfiguration:106]
2013-04-15 11:12:56,749 - DEBUG - configuration: Adding new button: Button: id = PLUS_ID click = Action: id = VOLUME_UP, task = <bound method ShellController.executeCommand of <main.controller.shell.shell_controller.ShellController instance at 0x01A79648>> double click = None - [readConfiguration:143]
2013-04-15 11:12:56,749 - DEBUG - configuration: Found new button with id: MINUS_ID - [readConfiguration:104]
2013-04-15 11:12:56,749 - DEBUG - configuration: Found new button: Button: id = MINUS_ID click = None double click = None - [readConfiguration:106]
2013-04-15 11:12:56,749 - DEBUG - configuration: Adding new button: Button: id = MINUS_ID click = Action: id = VOLUME_DOWN, task = <bound method ShellController.executeCommand of <main.controller.shell.shell_controller.ShellController instance at 0x01A79648>> double click = None - [readConfiguration:143]
2013-04-15 11:12:56,749 - DEBUG - processor: Processing button: MINUS_ID - [__init__:21]
2013-04-15 11:13:16,108 - INFO - run: Options passed from command line: {'xml': '../resources/configuration-prod/configuration-basic.xml', 'cfg': '../resources/configuration-prod/configuration.cfg'} - [<module>:15]
2013-04-15 11:13:16,108 - INFO - app: Initializing ... - [initialize:38]
2013-04-15 11:13:16,108 - INFO - configuration: Reading configuration from ../resources/configuration-prod/configuration-basic.xml - [readConfiguration:89]
2013-04-15 11:13:16,111 - DEBUG - configuration: Found new button with id: PLUS_ID - [readConfiguration:103]
2013-04-15 11:13:16,111 - DEBUG - configuration: Found new button: Button: id = PLUS_ID, click = None, double click = None, hold = None - [readConfiguration:105]
2013-04-15 11:13:16,112 - DEBUG - configuration: Adding new button: Button: id = PLUS_ID, click = Action: id = VOLUME_UP, task = <bound method ShellController.executeCommand of <main.controller.shell.shell_controller.ShellController instance at 0x01B19620>>, double click = None, hold = None - [readConfiguration:142]
2013-04-15 11:13:16,112 - DEBUG - configuration: Found new button with id: MINUS_ID - [readConfiguration:103]
2013-04-15 11:13:16,112 - DEBUG - configuration: Found new button: Button: id = MINUS_ID, click = None, double click = None, hold = None - [readConfiguration:105]
2013-04-15 11:13:16,112 - DEBUG - configuration: Adding new button: Button: id = MINUS_ID, click = Action: id = VOLUME_DOWN, task = <bound method ShellController.executeCommand of <main.controller.shell.shell_controller.ShellController instance at 0x01B19620>>, double click = None, hold = None - [readConfiguration:142]
2013-04-15 11:13:16,114 - DEBUG - processor: Processing button: MINUS_ID - [__init__:21]
2013-04-15 11:13:39,611 - INFO - run: Options passed from command line: {'xml': '../resources/configuration-prod/configuration-basic.xml', 'cfg': '../resources/configuration-prod/configuration.cfg'} - [<module>:15]
2013-04-15 11:13:39,611 - INFO - app: Initializing ... - [initialize:38]
2013-04-15 11:13:39,611 - INFO - configuration: Reading configuration from ../resources/configuration-prod/configuration-basic.xml - [readConfiguration:89]
2013-04-15 11:13:39,614 - DEBUG - configuration: Found new button with id: PLUS_ID - [readConfiguration:103]
2013-04-15 11:13:39,614 - DEBUG - configuration: Found new button: Button: id = PLUS_ID, click = None, double click = None, hold = None - [readConfiguration:105]
2013-04-15 11:13:39,615 - DEBUG - configuration: Adding new button: Button: id = PLUS_ID, click = Action: id = VOLUME_UP, task = <bound method ShellController.executeCommand of <main.controller.shell.shell_controller.ShellController instance at 0x019E9620>>, double click = None, hold = None - [readConfiguration:142]
2013-04-15 11:13:39,615 - DEBUG - configuration: Found new button with id: MINUS_ID - [readConfiguration:103]
2013-04-15 11:13:39,615 - DEBUG - configuration: Found new button: Button: id = MINUS_ID, click = None, double click = None, hold = None - [readConfiguration:105]
2013-04-15 11:13:39,615 - DEBUG - configuration: Adding new button: Button: id = MINUS_ID, click = Action: id = VOLUME_DOWN, task = <bound method ShellController.executeCommand of <main.controller.shell.shell_controller.ShellController instance at 0x019E9620>>, double click = None, hold = None - [readConfiguration:142]
2013-04-15 11:13:39,615 - DEBUG - processor: Processing button: MINUS_ID - [__init__:21]
2013-04-15 11:14:03,263 - INFO - run: Options passed from command line: {'xml': '../resources/configuration-prod/configuration-basic.xml', 'cfg': '../resources/configuration-prod/configuration.cfg'} - [<module>:15]
2013-04-15 11:14:03,265 - INFO - app: Initializing ... - [initialize:38]
2013-04-15 11:14:03,265 - INFO - configuration: Reading configuration from ../resources/configuration-prod/configuration-basic.xml - [readConfiguration:89]
2013-04-15 11:14:03,266 - DEBUG - configuration: Found new button with id: PLUS_ID - [readConfiguration:103]
2013-04-15 11:14:03,266 - DEBUG - configuration: Found new button: Button: id = PLUS_ID, click = None, double click = None, hold = None - [readConfiguration:105]
2013-04-15 11:14:03,269 - DEBUG - configuration: Adding new button: Button: id = PLUS_ID, click = Action: id = VOLUME_UP, task = <bound method ShellController.executeCommand of <main.controller.shell.shell_controller.ShellController instance at 0x01AB9620>>, double click = None, hold = None - [readConfiguration:142]
2013-04-15 11:14:03,269 - DEBUG - configuration: Found new button with id: MINUS_ID - [readConfiguration:103]
2013-04-15 11:14:03,269 - DEBUG - configuration: Found new button: Button: id = MINUS_ID, click = None, double click = None, hold = None - [readConfiguration:105]
2013-04-15 11:14:03,269 - DEBUG - configuration: Adding new button: Button: id = MINUS_ID, click = Action: id = VOLUME_DOWN, task = <bound method ShellController.executeCommand of <main.controller.shell.shell_controller.ShellController instance at 0x01AB9620>>, double click = None, hold = None - [readConfiguration:142]
2013-04-15 11:14:19,361 - INFO - run: Options passed from command line: {'xml': '../resources/configuration-prod/configuration-basic.xml', 'cfg': '../resources/configuration-prod/configuration.cfg'} - [<module>:15]
2013-04-15 11:14:19,361 - INFO - app: Initializing ... - [initialize:38]
2013-04-15 11:14:19,361 - INFO - configuration: Reading configuration from ../resources/configuration-prod/configuration-basic.xml - [readConfiguration:89]
2013-04-15 11:14:19,365 - DEBUG - configuration: Found new button with id: PLUS_ID - [readConfiguration:103]
2013-04-15 11:14:19,367 - DEBUG - configuration: Adding new button: Button: id = PLUS_ID, click = Action: id = VOLUME_UP, task = <bound method ShellController.executeCommand of <main.controller.shell.shell_controller.ShellController instance at 0x01A79620>>, double click = None, hold = None - [readConfiguration:141]
2013-04-15 11:14:19,367 - DEBUG - configuration: Found new button with id: MINUS_ID - [readConfiguration:103]
2013-04-15 11:14:19,367 - DEBUG - configuration: Adding new button: Button: id = MINUS_ID, click = Action: id = VOLUME_DOWN, task = <bound method ShellController.executeCommand of <main.controller.shell.shell_controller.ShellController instance at 0x01A79620>>, double click = None, hold = None - [readConfiguration:141]
2013-04-15 11:16:09,194 - INFO - run: Options passed from command line: {'xml': '../resources/configuration-prod/configuration-basic.xml', 'cfg': '../resources/configuration-prod/configuration.cfg'} - [<module>:15]
2013-04-15 11:16:09,194 - INFO - app: Initializing ... - [initialize:38]
2013-04-15 11:16:09,194 - INFO - configuration: Reading configuration from ../resources/configuration-prod/configuration-basic.xml - [readConfiguration:89]
2013-04-15 11:16:09,196 - DEBUG - configuration: Found new button with id: PLUS_ID - [readConfiguration:103]
2013-04-15 11:16:09,197 - DEBUG - configuration: Adding new button: Button: id = PLUS_ID, click = Action: id = VOLUME_UP, task = <bound method ShellController.executeCommand of <main.controller.shell.shell_controller.ShellController instance at 0x01AD9620>>, double click = None, hold = None - [readConfiguration:141]
2013-04-15 11:16:09,197 - DEBUG - configuration: Found new button with id: MINUS_ID - [readConfiguration:103]
2013-04-15 11:16:09,197 - DEBUG - configuration: Adding new button: Button: id = MINUS_ID, click = Action: id = VOLUME_DOWN, task = <bound method ShellController.executeCommand of <main.controller.shell.shell_controller.ShellController instance at 0x01AD9620>>, double click = None, hold = None - [readConfiguration:141]
2013-04-15 11:16:17,553 - INFO - run: Options passed from command line: {'xml': '../resources/configuration-prod/configuration-basic.xml', 'cfg': '../resources/configuration-prod/configuration.cfg'} - [<module>:15]
2013-04-15 11:16:17,553 - INFO - app: Initializing ... - [initialize:38]
2013-04-15 11:16:17,553 - INFO - configuration: Reading configuration from ../resources/configuration-prod/configuration-basic.xml - [readConfiguration:89]
2013-04-15 11:16:17,555 - DEBUG - configuration: Found new button with id: PLUS_ID - [readConfiguration:103]
2013-04-15 11:16:17,558 - DEBUG - configuration: Adding new button: Button: id = PLUS_ID, click = Action: id = VOLUME_UP, task = <bound method ShellController.executeCommand of <main.controller.shell.shell_controller.ShellController instance at 0x01A69620>>, double click = None, hold = None - [readConfiguration:141]
2013-04-15 11:16:17,559 - DEBUG - configuration: Found new button with id: MINUS_ID - [readConfiguration:103]
2013-04-15 11:16:17,559 - DEBUG - configuration: Adding new button: Button: id = MINUS_ID, click = Action: id = VOLUME_DOWN, task = <bound method ShellController.executeCommand of <main.controller.shell.shell_controller.ShellController instance at 0x01A69620>>, double click = None, hold = None - [readConfiguration:141]
2013-04-15 11:16:23,046 - INFO - run: Options passed from command line: {'xml': '../resources/configuration-prod/configuration-basic.xml', 'cfg': '../resources/configuration-prod/configuration.cfg'} - [<module>:15]
2013-04-15 11:16:23,046 - INFO - app: Initializing ... - [initialize:38]
2013-04-15 11:16:23,046 - INFO - configuration: Reading configuration from ../resources/configuration-prod/configuration-basic.xml - [readConfiguration:89]
2013-04-15 11:16:23,049 - DEBUG - configuration: Found new button with id: PLUS_ID - [readConfiguration:103]
2013-04-15 11:16:23,051 - DEBUG - configuration: Adding new button: Button: id = PLUS_ID, click = Action: id = VOLUME_UP, task = <bound method ShellController.executeCommand of <main.controller.shell.shell_controller.ShellController instance at 0x01B29620>>, double click = None, hold = None - [readConfiguration:141]
2013-04-15 11:16:23,051 - DEBUG - configuration: Found new button with id: MINUS_ID - [readConfiguration:103]
2013-04-15 11:16:23,051 - DEBUG - configuration: Adding new button: Button: id = MINUS_ID, click = Action: id = VOLUME_DOWN, task = <bound method ShellController.executeCommand of <main.controller.shell.shell_controller.ShellController instance at 0x01B29620>>, double click = None, hold = None - [readConfiguration:141]
2013-04-15 11:16:23,051 - DEBUG - processor: Configuration buttons: {'MINUS_ID': <main.controller.configuration.Button instance at 0x01B295F8>, 'PLUS_ID': <main.controller.configuration.Button instance at 0x01B1D828>} - [__init__:20]
2013-04-15 11:17:06,523 - INFO - run: Options passed from command line: {'xml': '../resources/configuration-prod/configuration-basic.xml', 'cfg': '../resources/configuration-prod/configuration.cfg'} - [<module>:15]
2013-04-15 11:17:06,523 - INFO - app: Initializing ... - [initialize:38]
2013-04-15 11:17:06,523 - INFO - configuration: Reading configuration from ../resources/configuration-prod/configuration-basic.xml - [readConfiguration:89]
2013-04-15 11:17:06,526 - DEBUG - configuration: Found new button with id: PLUS_ID - [readConfiguration:103]
2013-04-15 11:17:06,529 - DEBUG - configuration: Adding new button: Button: id = PLUS_ID, click = Action: id = VOLUME_UP, task = <bound method ShellController.executeCommand of <main.controller.shell.shell_controller.ShellController instance at 0x01AB9620>>, double click = None, hold = None - [readConfiguration:141]
2013-04-15 11:17:06,529 - DEBUG - configuration: Found new button with id: MINUS_ID - [readConfiguration:103]
2013-04-15 11:17:06,529 - DEBUG - configuration: Adding new button: Button: id = MINUS_ID, click = Action: id = VOLUME_DOWN, task = <bound method ShellController.executeCommand of <main.controller.shell.shell_controller.ShellController instance at 0x01AB9620>>, double click = None, hold = None - [readConfiguration:141]
2013-04-15 11:17:06,529 - DEBUG - processor: Configuration button: MINUS_ID - [__init__:21]
2013-04-15 11:17:06,529 - DEBUG - processor: Configuration button: PLUS_ID - [__init__:21]
2013-04-15 11:19:28,421 - INFO - run: Options passed from command line: {'xml': '../resources/configuration-prod/configuration-basic.xml', 'cfg': '../resources/configuration-prod/configuration.cfg'} - [<module>:15]
2013-04-15 11:19:28,421 - INFO - app: Initializing ... - [initialize:38]
2013-04-15 11:19:28,421 - INFO - configuration: Reading configuration from ../resources/configuration-prod/configuration-basic.xml - [readConfiguration:89]
2013-04-15 11:19:28,424 - DEBUG - configuration: Found new button with id: PLUS_ID - [readConfiguration:103]
2013-04-15 11:19:28,427 - DEBUG - configuration: Adding new button: Button: id = PLUS_ID, click = Action: id = VOLUME_UP, task = <bound method ShellController.executeCommand of <main.controller.shell.shell_controller.ShellController instance at 0x01AA9648>>, double click = None, hold = None - [readConfiguration:141]
2013-04-15 11:19:28,427 - DEBUG - configuration: Found new button with id: MINUS_ID - [readConfiguration:103]
2013-04-15 11:19:28,427 - DEBUG - configuration: Adding new button: Button: id = MINUS_ID, click = Action: id = VOLUME_DOWN, task = <bound method ShellController.executeCommand of <main.controller.shell.shell_controller.ShellController instance at 0x01AA9648>>, double click = None, hold = None - [readConfiguration:141]
2013-04-15 11:19:28,427 - DEBUG - configuration: Configuration: {'MINUS_ID': <main.controller.configuration.Button instance at 0x01AA9620>, 'PLUS_ID': <main.controller.configuration.Button instance at 0x01A9D850>} - [readConfiguration:142]
2013-04-15 11:19:28,427 - DEBUG - processor: Configuration button: MINUS_ID - [__init__:21]
2013-04-15 11:19:28,427 - DEBUG - processor: Configuration button: PLUS_ID - [__init__:21]
2013-04-15 11:20:32,509 - INFO - run: Options passed from command line: {'xml': '../resources/configuration-prod/configuration-basic.xml', 'cfg': '../resources/configuration-prod/configuration.cfg'} - [<module>:15]
2013-04-15 11:20:32,509 - INFO - app: Initializing ... - [initialize:38]
2013-04-15 11:20:32,509 - INFO - configuration: Reading configuration from ../resources/configuration-prod/configuration-basic.xml - [readConfiguration:89]
2013-04-15 11:20:32,513 - DEBUG - configuration: Found new button with id: PLUS_ID - [readConfiguration:103]
2013-04-15 11:20:32,515 - DEBUG - configuration: Adding new button: Button: id = PLUS_ID, click = Action: id = VOLUME_UP, task = <bound method ShellController.executeCommand of <main.controller.shell.shell_controller.ShellController instance at 0x019E9620>>, double click = None, hold = None - [readConfiguration:141]
2013-04-15 11:20:32,515 - DEBUG - configuration: Found new button with id: MINUS_ID - [readConfiguration:103]
2013-04-15 11:20:32,515 - DEBUG - configuration: Adding new button: Button: id = MINUS_ID, click = Action: id = VOLUME_DOWN, task = <bound method ShellController.executeCommand of <main.controller.shell.shell_controller.ShellController instance at 0x019E9620>>, double click = None, hold = None - [readConfiguration:141]
2013-04-15 11:20:32,515 - DEBUG - processor: Configuration button: MINUS_ID - [__init__:21]
2013-04-15 11:20:32,515 - DEBUG - processor: Configuration button: PLUS_ID - [__init__:21]
2013-04-15 11:22:22,040 - INFO - run: Options passed from command line: {'xml': '../resources/configuration-prod/configuration-basic.xml', 'cfg': '../resources/configuration-prod/configuration.cfg'} - [<module>:15]
2013-04-15 11:22:22,040 - INFO - app: Initializing ... - [initialize:38]
2013-04-15 11:22:22,040 - INFO - configuration: Reading configuration from ../resources/configuration-prod/configuration-basic.xml - [readConfiguration:89]
2013-04-15 11:22:22,042 - DEBUG - configuration: Found new button with id: PLUS_ID - [readConfiguration:103]
2013-04-15 11:22:22,045 - DEBUG - configuration: Adding new button: Button: id = PLUS_ID, click = Action: id = VOLUME_UP, double click = None, hold = None - [readConfiguration:141]
2013-04-15 11:22:22,045 - DEBUG - configuration: Found new button with id: MINUS_ID - [readConfiguration:103]
2013-04-15 11:22:22,046 - DEBUG - configuration: Adding new button: Button: id = MINUS_ID, click = Action: id = VOLUME_DOWN, double click = None, hold = None - [readConfiguration:141]
2013-04-15 11:22:22,046 - DEBUG - processor: Configuration button: MINUS_ID - [__init__:21]
2013-04-15 11:22:22,046 - DEBUG - processor: Configuration button: PLUS_ID - [__init__:21]
2013-04-15 11:24:35,302 - INFO - run: Options passed from command line: {'xml': '../resources/configuration-prod/configuration-basic.xml', 'cfg': '../resources/configuration-prod/configuration.cfg'} - [<module>:15]
2013-04-15 11:24:35,302 - INFO - app: Initializing ... - [initialize:38]
2013-04-15 11:24:35,302 - INFO - configuration: Reading configuration from ../resources/configuration-prod/configuration-basic.xml - [readConfiguration:89]
2013-04-15 11:24:35,305 - DEBUG - configuration: Found new button with id: PLUS_ID - [readConfiguration:103]
2013-04-15 11:24:35,308 - DEBUG - configuration: Adding new button: Button: id = PLUS_ID, click = Action: id = VOLUME_UP, double click = None, hold = None - [readConfiguration:141]
2013-04-15 11:24:35,308 - DEBUG - configuration: Found new button with id: MINUS_ID - [readConfiguration:103]
2013-04-15 11:24:35,308 - DEBUG - configuration: Adding new button: Button: id = MINUS_ID, click = Action: id = VOLUME_DOWN, double click = None, hold = None - [readConfiguration:141]
2013-04-15 11:24:35,308 - DEBUG - processor: Configuration button: {'MINUS_ID': <main.controller.configuration.Button instance at 0x01A195F8>, 'PLUS_ID': <main.controller.configuration.Button instance at 0x01A0D828>} - [__init__:21]
2013-04-15 11:24:35,308 - DEBUG - processor: Configuration button: {'MINUS_ID': <main.controller.configuration.Button instance at 0x01A195F8>, 'PLUS_ID': <main.controller.configuration.Button instance at 0x01A0D828>} - [__init__:21]
2013-04-15 11:24:48,381 - INFO - run: Options passed from command line: {'xml': '../resources/configuration-prod/configuration-basic.xml', 'cfg': '../resources/configuration-prod/configuration.cfg'} - [<module>:15]
2013-04-15 11:24:48,381 - INFO - app: Initializing ... - [initialize:38]
2013-04-15 11:24:48,381 - INFO - configuration: Reading configuration from ../resources/configuration-prod/configuration-basic.xml - [readConfiguration:89]
2013-04-15 11:24:48,384 - DEBUG - configuration: Found new button with id: PLUS_ID - [readConfiguration:103]
2013-04-15 11:24:48,385 - DEBUG - configuration: Adding new button: Button: id = PLUS_ID, click = Action: id = VOLUME_UP, double click = None, hold = None - [readConfiguration:141]
2013-04-15 11:24:48,385 - DEBUG - configuration: Found new button with id: MINUS_ID - [readConfiguration:103]
2013-04-15 11:24:48,385 - DEBUG - configuration: Adding new button: Button: id = MINUS_ID, click = Action: id = VOLUME_DOWN, double click = None, hold = None - [readConfiguration:141]
2013-04-15 11:29:51,907 - INFO - run: Options passed from command line: {'xml': '../resources/configuration-prod/configuration-basic.xml', 'cfg': '../resources/configuration-prod/configuration.cfg'} - [<module>:15]
2013-04-15 11:29:51,908 - INFO - app: Initializing ... - [initialize:38]
2013-04-15 11:29:51,908 - INFO - configuration: Reading configuration from ../resources/configuration-prod/configuration-basic.xml - [readConfiguration:89]
2013-04-15 11:29:51,911 - DEBUG - configuration: Found new button with id: PLUS_ID - [readConfiguration:103]
2013-04-15 11:29:51,914 - DEBUG - configuration: Adding new button: Button: id = PLUS_ID, click = Action: id = VOLUME_UP, double click = None, hold = None - [readConfiguration:141]
2013-04-15 11:29:51,914 - DEBUG - configuration: Found new button with id: MINUS_ID - [readConfiguration:103]
2013-04-15 11:29:51,914 - DEBUG - configuration: Adding new button: Button: id = MINUS_ID, click = Action: id = VOLUME_DOWN, double click = None, hold = None - [readConfiguration:141]
2013-04-15 11:29:51,914 - DEBUG - processor: Configuration button: str - [__init__:21]
2013-04-15 11:29:51,914 - DEBUG - processor: Configuration button: str - [__init__:21]
2013-04-15 11:35:22,545 - INFO - run: Options passed from command line: {'xml': '../resources/configuration-prod/configuration-basic.xml', 'cfg': '../resources/configuration-prod/configuration.cfg'} - [<module>:15]
2013-04-15 11:35:22,545 - INFO - app: Initializing ... - [initialize:38]
2013-04-15 11:35:22,545 - INFO - configuration: Reading configuration from ../resources/configuration-prod/configuration-basic.xml - [readConfiguration:89]
2013-04-15 11:35:22,548 - DEBUG - configuration: Found new button with id: PLUS_ID - [readConfiguration:103]
2013-04-15 11:35:22,549 - DEBUG - configuration: Adding new button: Button: id = PLUS_ID, click = Action: id = VOLUME_UP, double click = None, hold = None - [readConfiguration:141]
2013-04-15 11:35:22,549 - DEBUG - configuration: Found new button with id: MINUS_ID - [readConfiguration:103]
2013-04-15 11:35:22,549 - DEBUG - configuration: Adding new button: Button: id = MINUS_ID, click = Action: id = VOLUME_DOWN, double click = None, hold = None - [readConfiguration:141]
2013-04-15 11:35:22,549 - DEBUG - processor: Configuration: {'MINUS_ID': <main.controller.configuration.Button instance at 0x019DA5F8>, 'PLUS_ID': <main.controller.configuration.Button instance at 0x019CD828>} - [__init__:20]
2013-04-15 11:35:22,549 - DEBUG - processor: Configuration button: str - [__init__:22]
2013-04-15 11:35:22,549 - DEBUG - processor: Configuration button: str - [__init__:22]
2013-04-15 11:35:36,627 - INFO - run: Options passed from command line: {'xml': '../resources/configuration-prod/configuration-basic.xml', 'cfg': '../resources/configuration-prod/configuration.cfg'} - [<module>:15]
2013-04-15 11:35:36,627 - INFO - app: Initializing ... - [initialize:38]
2013-04-15 11:35:36,627 - INFO - configuration: Reading configuration from ../resources/configuration-prod/configuration-basic.xml - [readConfiguration:89]
2013-04-15 11:35:36,630 - DEBUG - configuration: Found new button with id: PLUS_ID - [readConfiguration:103]
2013-04-15 11:35:36,631 - DEBUG - configuration: Adding new button: Button: id = PLUS_ID, click = Action: id = VOLUME_UP, double click = None, hold = None - [readConfiguration:141]
2013-04-15 11:35:36,631 - DEBUG - configuration: Found new button with id: MINUS_ID - [readConfiguration:103]
2013-04-15 11:35:36,631 - DEBUG - configuration: Adding new button: Button: id = MINUS_ID, click = Action: id = VOLUME_DOWN, double click = None, hold = None - [readConfiguration:141]
2013-04-15 11:35:50,016 - INFO - run: Options passed from command line: {'xml': '../resources/configuration-prod/configuration-basic.xml', 'cfg': '../resources/configuration-prod/configuration.cfg'} - [<module>:15]
2013-04-15 11:35:50,016 - INFO - app: Initializing ... - [initialize:38]
2013-04-15 11:35:50,016 - INFO - configuration: Reading configuration from ../resources/configuration-prod/configuration-basic.xml - [readConfiguration:89]
2013-04-15 11:35:50,019 - DEBUG - configuration: Found new button with id: PLUS_ID - [readConfiguration:103]
2013-04-15 11:35:50,020 - DEBUG - configuration: Adding new button: Button: id = PLUS_ID, click = Action: id = VOLUME_UP, double click = None, hold = None - [readConfiguration:141]
2013-04-15 11:35:50,020 - DEBUG - configuration: Found new button with id: MINUS_ID - [readConfiguration:103]
2013-04-15 11:35:50,022 - DEBUG - configuration: Adding new button: Button: id = MINUS_ID, click = Action: id = VOLUME_DOWN, double click = None, hold = None - [readConfiguration:141]
2013-04-15 11:37:47,546 - INFO - run: Options passed from command line: {'xml': '../resources/configuration-prod/configuration-basic.xml', 'cfg': '../resources/configuration-prod/configuration.cfg'} - [<module>:15]
2013-04-15 11:37:47,546 - INFO - app: Initializing ... - [initialize:38]
2013-04-15 11:37:47,546 - INFO - configuration: Reading configuration from ../resources/configuration-prod/configuration-basic.xml - [readConfiguration:89]
2013-04-15 11:37:47,549 - DEBUG - configuration: Found new button with id: PLUS_ID - [readConfiguration:103]
2013-04-15 11:37:47,552 - DEBUG - configuration: Adding new button: Button: id = PLUS_ID, click = Action: id = VOLUME_UP, double click = None, hold = None - [readConfiguration:141]
2013-04-15 11:37:47,552 - DEBUG - configuration: Found new button with id: MINUS_ID - [readConfiguration:103]
2013-04-15 11:37:47,552 - DEBUG - configuration: Adding new button: Button: id = MINUS_ID, click = Action: id = VOLUME_DOWN, double click = None, hold = None - [readConfiguration:141]
2013-04-15 11:38:27,414 - INFO - run: Options passed from command line: {'xml': '../resources/configuration-prod/configuration-basic.xml', 'cfg': '../resources/configuration-prod/configuration.cfg'} - [<module>:15]
2013-04-15 11:38:27,414 - INFO - app: Initializing ... - [initialize:38]
2013-04-15 11:38:27,414 - INFO - configuration: Reading configuration from ../resources/configuration-prod/configuration-basic.xml - [readConfiguration:89]
2013-04-15 11:38:27,417 - DEBUG - configuration: Found new button with id: PLUS_ID - [readConfiguration:103]
2013-04-15 11:38:27,420 - DEBUG - configuration: Adding new button: Button: id = PLUS_ID, click = Action: id = VOLUME_UP, double click = None, hold = None - [readConfiguration:141]
2013-04-15 11:38:27,420 - DEBUG - configuration: Found new button with id: MINUS_ID - [readConfiguration:103]
2013-04-15 11:38:27,420 - DEBUG - configuration: Adding new button: Button: id = MINUS_ID, click = Action: id = VOLUME_DOWN, double click = None, hold = None - [readConfiguration:141]
2013-04-15 11:38:27,420 - DEBUG - processor: Button id: MINUS_ID - [__init__:22]
2013-04-15 11:38:27,420 - DEBUG - processor: Button id: PLUS_ID - [__init__:22]
2013-04-15 11:38:38,747 - INFO - run: Options passed from command line: {'xml': '../resources/configuration-prod/configuration-basic.xml', 'cfg': '../resources/configuration-prod/configuration.cfg'} - [<module>:15]
2013-04-15 11:38:38,747 - INFO - app: Initializing ... - [initialize:38]
2013-04-15 11:38:38,747 - INFO - configuration: Reading configuration from ../resources/configuration-prod/configuration-basic.xml - [readConfiguration:89]
2013-04-15 11:38:38,750 - DEBUG - configuration: Found new button with id: PLUS_ID - [readConfiguration:103]
2013-04-15 11:38:38,752 - DEBUG - configuration: Adding new button: Button: id = PLUS_ID, click = Action: id = VOLUME_UP, double click = None, hold = None - [readConfiguration:141]
2013-04-15 11:38:38,753 - DEBUG - configuration: Found new button with id: MINUS_ID - [readConfiguration:103]
2013-04-15 11:38:38,753 - DEBUG - configuration: Adding new button: Button: id = MINUS_ID, click = Action: id = VOLUME_DOWN, double click = None, hold = None - [readConfiguration:141]
2013-04-15 11:38:38,753 - DEBUG - processor: Button id: Button: id = MINUS_ID, click = Action: id = VOLUME_DOWN, double click = None, hold = None - [__init__:22]
2013-04-15 11:38:38,753 - DEBUG - processor: Button id: Button: id = PLUS_ID, click = Action: id = VOLUME_UP, double click = None, hold = None - [__init__:22]
2013-04-15 11:38:49,510 - INFO - run: Options passed from command line: {'xml': '../resources/configuration-prod/configuration-basic.xml', 'cfg': '../resources/configuration-prod/configuration.cfg'} - [<module>:15]
2013-04-15 11:38:49,510 - INFO - app: Initializing ... - [initialize:38]
2013-04-15 11:38:49,510 - INFO - configuration: Reading configuration from ../resources/configuration-prod/configuration-basic.xml - [readConfiguration:89]
2013-04-15 11:38:49,513 - DEBUG - configuration: Found new button with id: PLUS_ID - [readConfiguration:103]
2013-04-15 11:38:49,515 - DEBUG - configuration: Adding new button: Button: id = PLUS_ID, click = Action: id = VOLUME_UP, double click = None, hold = None - [readConfiguration:141]
2013-04-15 11:38:49,516 - DEBUG - configuration: Found new button with id: MINUS_ID - [readConfiguration:103]
2013-04-15 11:38:49,516 - DEBUG - configuration: Adding new button: Button: id = MINUS_ID, click = Action: id = VOLUME_DOWN, double click = None, hold = None - [readConfiguration:141]
2013-04-15 11:38:49,516 - DEBUG - processor: Button id: Button: id = MINUS_ID, click = Action: id = VOLUME_DOWN, double click = None, hold = None - [__init__:22]
2013-04-15 11:38:49,516 - DEBUG - processor: Button id: Button: id = PLUS_ID, click = Action: id = VOLUME_UP, double click = None, hold = None - [__init__:22]
2013-04-15 11:38:54,496 - INFO - run: Options passed from command line: {'xml': '../resources/configuration-prod/configuration-basic.xml', 'cfg': '../resources/configuration-prod/configuration.cfg'} - [<module>:15]
2013-04-15 11:38:54,496 - INFO - app: Initializing ... - [initialize:38]
2013-04-15 11:38:54,496 - INFO - configuration: Reading configuration from ../resources/configuration-prod/configuration-basic.xml - [readConfiguration:89]
2013-04-15 11:38:54,499 - DEBUG - configuration: Found new button with id: PLUS_ID - [readConfiguration:103]
2013-04-15 11:38:54,500 - DEBUG - configuration: Adding new button: Button: id = PLUS_ID, click = Action: id = VOLUME_UP, double click = None, hold = None - [readConfiguration:141]
2013-04-15 11:38:54,500 - DEBUG - configuration: Found new button with id: MINUS_ID - [readConfiguration:103]
2013-04-15 11:38:54,500 - DEBUG - configuration: Adding new button: Button: id = MINUS_ID, click = Action: id = VOLUME_DOWN, double click = None, hold = None - [readConfiguration:141]
2013-04-15 11:39:54,927 - INFO - run: Options passed from command line: {'xml': '../resources/configuration-prod/configuration-basic.xml', 'cfg': '../resources/configuration-prod/configuration.cfg'} - [<module>:15]
2013-04-15 11:39:54,927 - INFO - app: Initializing ... - [initialize:38]
2013-04-15 11:39:54,927 - INFO - configuration: Reading configuration from ../resources/configuration-prod/configuration-basic.xml - [readConfiguration:89]
2013-04-15 11:39:54,930 - DEBUG - configuration: Found new button with id: PLUS_ID - [readConfiguration:103]
2013-04-15 11:39:54,933 - DEBUG - configuration: Adding new button: Button: id = PLUS_ID, click = Action: id = VOLUME_UP, double click = None, hold = None - [readConfiguration:141]
2013-04-15 11:39:54,933 - DEBUG - configuration: Found new button with id: MINUS_ID - [readConfiguration:103]
2013-04-15 11:39:54,934 - DEBUG - configuration: Adding new button: Button: id = MINUS_ID, click = Action: id = VOLUME_DOWN, double click = None, hold = None - [readConfiguration:141]
